<?xml version="1.0" encoding="UTF-8" standalone="no"?>
<testsuite errors="0" failures="1" name="io.cucumber.core.plugin.JUnitFormatter" skipped="0" tests="13" time="78.849">
<testcase classname="F01_Register | users could use register functionality to open new accounts" name="user could register with valid fristname and lastname and email and password and confirmPassword" time="3.707">
<system-out><![CDATA[Given user go to register page..............................................passed
When user lregister with valid fristname and lastname and email and password and confirmPassword.passed
And user press on register button...........................................passed
Then user register to the system successfully...............................passed
And user logout to login page...............................................passed
]]></system-out>
</testcase>
<testcase classname="F02_Login | users could use login functionality to open their accounts" name="user could login with valid email and password" time="3.107">
<system-out><![CDATA[Given user go to login page.................................................passed
When user login with valid email and password...............................passed
Then user login to the system successfully..................................passed
]]></system-out>
</testcase>
<testcase classname="F03_RestPassword | users could use Rest password functionality" name="users could use Rest password with vaild email" time="4.999">
<system-out><![CDATA[Given user go to Rest page..................................................passed
When user rest with valid email.............................................passed
And user press on Recover button............................................passed
Then user rest password successfully........................................passed
]]></system-out>
</testcase>
<testcase classname="F02_Search | users will be able to search for products with different parameters" name="user could login with valid email and password" time="2.388">
<system-out><![CDATA[Given user go to login page before sreach...................................passed
When user login  before search with valid email and password................passed
Then user login to the system successfully before search....................passed
]]></system-out>
</testcase>
<testcase classname="F02_Search | users will be able to search for products with different parameters" name="user could search for product using fullname" time="1.428">
<system-out><![CDATA[Given user clicks on search field...........................................passed
When user search with name of product.......................................passed
Then user could find relative results.......................................passed
]]></system-out>
</testcase>
<testcase classname="F05_switch_between_currencies |  Logged User could switch between currencies US-Euro" name="user could switch between currencies" time="2.42">
<system-out><![CDATA[Given user in home page.....................................................passed
When user detierment to Euro................................................passed
Then user switch between currencies US-Euro successfully....................passed
]]></system-out>
</testcase>
<testcase classname="F06_select_different_Categories |  Logged user could select different Categories" name="user could select different Categories" time="2.084">
<system-out><![CDATA[Given Logged user in home page..............................................passed
When user detierment to Categories and Hover to sub_Categories..............passed
Then Click on sub categories successfully...................................passed
]]></system-out>
</testcase>
<testcase classname="F07_filter_with_colorfeature |  Logged user could filter with color" name="user could filter with color" time="0.966">
<system-out><![CDATA[Given Logged user in home page to Filter....................................passed
When user determined to Categories like Apparel > Shoes.....................passed
And Filter with blue color..................................................passed
Then filtertion successfully................................................passed
]]></system-out>
</testcase>
<testcase classname="F08_Productstag | Logged user could select different tags" name="user could filter with color" time="5.377">
<system-out><![CDATA[Given Logged user in Any Category to select Popular tags....................passed
When user determined to tags and assert successfully........................passed
And tags determined assert successfully.....................................passed
Then user Anthor detierment to tags and assert successfully.................passed
And Anthor tags determined assert successfully..............................passed
]]></system-out>
</testcase>
<testcase classname="F09_AddShoppingcart |  Logged user could add different products to Shopping cart" name="_2" time="3.131">
<failure message="element not interactable: https://demo.nopcommerce.com/cell-phones has no size and location&#10;  (Session info: chrome=100.0.4896.75)&#10;Build info: version: '4.1.2', revision: '9a5a329c5a'&#10;System info: host: 'HOSSAM-MOHAMMED', ip: '192.168.1.5', os.name: 'Windows 10', os.arch: 'x86', os.version: '10.0', java.version: '1.8.0_144'&#10;Driver info: org.openqa.selenium.chrome.ChromeDriver&#10;Command: [6184c8d096dd0e9f37083fd2c83384a0, actions {actions=[org.openqa.selenium.interactions.Sequence@6cf771]}]&#10;Capabilities {acceptInsecureCerts: false, browserName: chrome, browserVersion: 100.0.4896.75, chrome: {chromedriverVersion: 100.0.4896.60 (6a5d10861ce8..., userDataDir: C:\Users\WIN10~1\AppData\Lo...}, goog:chromeOptions: {debuggerAddress: localhost:63832}, javascriptEnabled: true, networkConnectionEnabled: false, pageLoadStrategy: normal, platform: WINDOWS, platformName: WINDOWS, proxy: Proxy(), se:cdp: ws://localhost:63832/devtoo..., se:cdpVersion: 100.0.4896.75, setWindowRect: true, strictFileInteractability: false, timeouts: {implicit: 0, pageLoad: 300000, script: 30000}, unhandledPromptBehavior: dismiss and notify, webauthn:extension:credBlob: true, webauthn:extension:largeBlob: true, webauthn:virtualAuthenticators: true}&#10;Session ID: 6184c8d096dd0e9f37083fd2c83384a0" type="org.openqa.selenium.ElementNotInteractableException"><![CDATA[Given Logged user could add different products to Shopping cart.............passed
When user add Frist products to Shopping cart...............................passed
And assert shopping cart have Frist product.................................passed
Then user add Scoend products to Shopping cart..............................failed
And assert shopping cart have Scoend product................................skipped

StackTrace:
org.openqa.selenium.ElementNotInteractableException: element not interactable: https://demo.nopcommerce.com/cell-phones has no size and location
  (Session info: chrome=100.0.4896.75)
Build info: version: '4.1.2', revision: '9a5a329c5a'
System info: host: 'HOSSAM-MOHAMMED', ip: '192.168.1.5', os.name: 'Windows 10', os.arch: 'x86', os.version: '10.0', java.version: '1.8.0_144'
Driver info: org.openqa.selenium.chrome.ChromeDriver
Command: [6184c8d096dd0e9f37083fd2c83384a0, actions {actions=[org.openqa.selenium.interactions.Sequence@6cf771]}]
Capabilities {acceptInsecureCerts: false, browserName: chrome, browserVersion: 100.0.4896.75, chrome: {chromedriverVersion: 100.0.4896.60 (6a5d10861ce8..., userDataDir: C:\Users\WIN10~1\AppData\Lo...}, goog:chromeOptions: {debuggerAddress: localhost:63832}, javascriptEnabled: true, networkConnectionEnabled: false, pageLoadStrategy: normal, platform: WINDOWS, platformName: WINDOWS, proxy: Proxy(), se:cdp: ws://localhost:63832/devtoo..., se:cdpVersion: 100.0.4896.75, setWindowRect: true, strictFileInteractability: false, timeouts: {implicit: 0, pageLoad: 300000, script: 30000}, unhandledPromptBehavior: dismiss and notify, webauthn:extension:credBlob: true, webauthn:extension:largeBlob: true, webauthn:virtualAuthenticators: true}
Session ID: 6184c8d096dd0e9f37083fd2c83384a0
	at sun.reflect.NativeConstructorAccessorImpl.newInstance0(Native Method)
	at sun.reflect.NativeConstructorAccessorImpl.newInstance(NativeConstructorAccessorImpl.java:62)
	at sun.reflect.DelegatingConstructorAccessorImpl.newInstance(DelegatingConstructorAccessorImpl.java:45)
	at java.lang.reflect.Constructor.newInstance(Constructor.java:423)
	at org.openqa.selenium.remote.codec.w3c.W3CHttpResponseCodec.createException(W3CHttpResponseCodec.java:200)
	at org.openqa.selenium.remote.codec.w3c.W3CHttpResponseCodec.decode(W3CHttpResponseCodec.java:133)
	at org.openqa.selenium.remote.codec.w3c.W3CHttpResponseCodec.decode(W3CHttpResponseCodec.java:53)
	at org.openqa.selenium.remote.HttpCommandExecutor.execute(HttpCommandExecutor.java:184)
	at org.openqa.selenium.remote.service.DriverCommandExecutor.invokeExecute(DriverCommandExecutor.java:167)
	at org.openqa.selenium.remote.service.DriverCommandExecutor.execute(DriverCommandExecutor.java:142)
	at org.openqa.selenium.remote.RemoteWebDriver.execute(RemoteWebDriver.java:558)
	at org.openqa.selenium.remote.RemoteWebDriver.perform(RemoteWebDriver.java:626)
	at org.openqa.selenium.interactions.Actions$BuiltAction.perform(Actions.java:656)
	at com.automation.pages.CategoriesPage.selectSubCategory(CategoriesPage.java:25)
	at com.automation.pages.ShoppingCartPage.addSecondproducte(ShoppingCartPage.java:26)
	at com.automation.step_definitions.AddProductToShppoingCartStepDefinition.user_add_scoend_products_to_shopping_cart(AddProductToShppoingCartStepDefinition.java:28)
	at âœ½.user add Scoend products to Shopping cart(file:///F:/Software%20Testing/FwdProjectEcommerce/src/main/resources/features/F09_AddShoppingcart.feature:8)
]]></failure>
</testcase>
<testcase classname="F10_AddWishlistcart | Logged user could add different products to Wishlist" name="_2" time="4.672">
<system-out><![CDATA[Given Logged user could add different products to Wishlist cart.............passed
When user add Frist products to Wishlist cart...............................passed
And user add Scoend products to Wishlist cart...............................passed
Then assert Wishlist cart have two product..................................passed
]]></system-out>
</testcase>
<testcase classname="F11_Addtocomparecart | Logged user could add different products to compare list" name="could add different products to compare list" time="11.383">
<system-out><![CDATA[Given Logged user could add different products to compare cart..............passed
When user add Frist products to compare cart................................passed
And user add Scoend products to compare cart................................passed
Then assert compare cart have two product...................................passed
]]></system-out>
</testcase>
<testcase classname="F12CreatesuccessfulOrder | Create successful Order" name="User Can Create Syccessful Order" time="17.487">
<system-out><![CDATA[Given User Go to Shopping cart..............................................passed
When user Complete Data to create order.....................................passed
Then assert user created order successful...................................passed
]]></system-out>
</testcase>
</testsuite>
